  CKernel.cpp
E:\Colin_Project\IM_Project\IMServer\CKernel.cpp(93,2): warning C4996: 'sprintf': This function or variable may be unsafe. Consider using sprintf_s instead. To disable deprecation, use _CRT_SECURE_NO_WARNINGS. See online help for details.
E:\Colin_Project\IM_Project\IMServer\CKernel.cpp(107,3): warning C4996: 'sprintf': This function or variable may be unsafe. Consider using sprintf_s instead. To disable deprecation, use _CRT_SECURE_NO_WARNINGS. See online help for details.
E:\Colin_Project\IM_Project\IMServer\CKernel.cpp(121,4): warning C4996: 'sprintf': This function or variable may be unsafe. Consider using sprintf_s instead. To disable deprecation, use _CRT_SECURE_NO_WARNINGS. See online help for details.
E:\Colin_Project\IM_Project\IMServer\CKernel.cpp(146,2): warning C4996: 'sprintf': This function or variable may be unsafe. Consider using sprintf_s instead. To disable deprecation, use _CRT_SECURE_NO_WARNINGS. See online help for details.
E:\Colin_Project\IM_Project\IMServer\CKernel.cpp(193,46): warning C4244: “参数”: 从“unsigned __int64”转换到“long”，可能丢失数据
E:\Colin_Project\IM_Project\IMServer\CKernel.cpp(211,47): warning C4244: “参数”: 从“unsigned __int64”转换到“long”，可能丢失数据
E:\Colin_Project\IM_Project\IMServer\CKernel.cpp(214,50): warning C4244: “参数”: 从“unsigned __int64”转换到“long”，可能丢失数据
E:\Colin_Project\IM_Project\IMServer\CKernel.cpp(197,2): warning C4996: 'sprintf': This function or variable may be unsafe. Consider using sprintf_s instead. To disable deprecation, use _CRT_SECURE_NO_WARNINGS. See online help for details.
E:\Colin_Project\IM_Project\IMServer\CKernel.cpp(232,2): warning C4996: 'sprintf': This function or variable may be unsafe. Consider using sprintf_s instead. To disable deprecation, use _CRT_SECURE_NO_WARNINGS. See online help for details.
E:\Colin_Project\IM_Project\IMServer\CKernel.cpp(239,3): warning C4996: 'strcpy': This function or variable may be unsafe. Consider using strcpy_s instead. To disable deprecation, use _CRT_SECURE_NO_WARNINGS. See online help for details.
E:\Colin_Project\IM_Project\IMServer\CKernel.cpp(241,3): warning C4996: 'strcpy': This function or variable may be unsafe. Consider using strcpy_s instead. To disable deprecation, use _CRT_SECURE_NO_WARNINGS. See online help for details.
E:\Colin_Project\IM_Project\IMServer\CKernel.cpp(259,53): warning C4244: “参数”: 从“unsigned __int64”转换到“long”，可能丢失数据
E:\Colin_Project\IM_Project\IMServer\CKernel.cpp(305,50): warning C4244: “参数”: 从“unsigned __int64”转换到“long”，可能丢失数据
E:\Colin_Project\IM_Project\IMServer\CKernel.cpp(289,2): warning C4996: 'sprintf': This function or variable may be unsafe. Consider using sprintf_s instead. To disable deprecation, use _CRT_SECURE_NO_WARNINGS. See online help for details.
E:\Colin_Project\IM_Project\IMServer\CKernel.cpp(354,50): warning C4244: “参数”: 从“unsigned __int64”转换到“long”，可能丢失数据
E:\Colin_Project\IM_Project\IMServer\CKernel.cpp(327,2): warning C4996: 'sprintf': This function or variable may be unsafe. Consider using sprintf_s instead. To disable deprecation, use _CRT_SECURE_NO_WARNINGS. See online help for details.
E:\Colin_Project\IM_Project\IMServer\CKernel.cpp(397,50): warning C4244: “参数”: 从“unsigned __int64”转换到“long”，可能丢失数据
E:\Colin_Project\IM_Project\IMServer\CKernel.cpp(381,3): warning C4996: 'sprintf': This function or variable may be unsafe. Consider using sprintf_s instead. To disable deprecation, use _CRT_SECURE_NO_WARNINGS. See online help for details.
E:\Colin_Project\IM_Project\IMServer\CKernel.cpp(387,3): warning C4996: 'sprintf': This function or variable may be unsafe. Consider using sprintf_s instead. To disable deprecation, use _CRT_SECURE_NO_WARNINGS. See online help for details.
  IMServer1121.vcxproj -> E:\Colin_Project\IM_Project\IMServer\x64\Debug\IMServer.exe
